[ 2025-08-12 15:47:51,271 ] 1025 httpx - INFO - HTTP Request: GET https://dagshub.com/api/v1/user "HTTP/1.1 200 OK"
[ 2025-08-12 15:47:51,284 ] 107 dagshub - INFO - Accessing as sliitguy
[ 2025-08-12 15:47:52,228 ] 1025 httpx - INFO - HTTP Request: GET https://dagshub.com/api/v1/repos/sliitguy/SecurityNetwork "HTTP/1.1 200 OK"
[ 2025-08-12 15:47:53,629 ] 1025 httpx - INFO - HTTP Request: GET https://dagshub.com/api/v1/user "HTTP/1.1 200 OK"
[ 2025-08-12 15:47:53,632 ] 107 dagshub - INFO - Initialized MLflow to track repo "sliitguy/SecurityNetwork"
[ 2025-08-12 15:47:53,634 ] 107 dagshub - INFO - Repository sliitguy/SecurityNetwork initialized!
[ 2025-08-12 15:47:53,635 ] 17 root - INFO - Initiate the data ingestion
[ 2025-08-12 15:48:34,338 ] 62 root - INFO - Performed train test split on the dataframe
[ 2025-08-12 15:48:34,338 ] 64 root - INFO - Exited split_data_as_train_test method of Data_Ingestion class
[ 2025-08-12 15:48:34,339 ] 72 root - INFO - Exporting train and test file path.
[ 2025-08-12 15:48:34,480 ] 81 root - INFO - Exported train and test file path.
[ 2025-08-12 15:48:34,481 ] 19 root - INFO - Data Initiation Completed
[ 2025-08-12 15:48:34,538 ] 24 root - INFO - Initiate the data Validation
[ 2025-08-12 15:48:34,629 ] 32 root - INFO - Required number of columns:2
[ 2025-08-12 15:48:34,629 ] 33 root - INFO - Data frame has columns:31
[ 2025-08-12 15:48:34,629 ] 32 root - INFO - Required number of columns:2
[ 2025-08-12 15:48:34,629 ] 33 root - INFO - Data frame has columns:31
[ 2025-08-12 15:48:34,982 ] 26 root - INFO - data Validation Completed
[ 2025-08-12 15:48:34,983 ] 31 root - INFO - data Transformation started
[ 2025-08-12 15:48:34,983 ] 63 root - INFO - Entered initiate_data_transformation method of DataTransformation class
[ 2025-08-12 15:48:34,984 ] 65 root - INFO - Starting data transformation
[ 2025-08-12 15:48:35,031 ] 48 root - INFO - Entered get_data_trnasformer_object method of Trnasformation class
[ 2025-08-12 15:48:35,031 ] 53 root - INFO - Initialise KNNImputer with {'missing_values': nan, 'n_neighbors': 3, 'weights': 'uniform'}
[ 2025-08-12 15:48:35,057 ] 46 root - INFO - Entered the save_object method of MainUtils class
[ 2025-08-12 15:48:35,061 ] 50 root - INFO - Exited the save_object method of MainUtils class
[ 2025-08-12 15:48:35,061 ] 46 root - INFO - Entered the save_object method of MainUtils class
[ 2025-08-12 15:48:35,065 ] 50 root - INFO - Exited the save_object method of MainUtils class
[ 2025-08-12 15:48:35,069 ] 35 root - INFO - data Transformation completed
[ 2025-08-12 15:48:35,069 ] 37 root - INFO - Model Training sstared
