[ 2025-08-12 18:11:09,727 ] 42 root - INFO - Start data Ingestion
[ 2025-08-12 18:15:29,716 ] 62 root - INFO - Performed train test split on the dataframe
[ 2025-08-12 18:15:29,716 ] 64 root - INFO - Exited split_data_as_train_test method of Data_Ingestion class
[ 2025-08-12 18:15:29,716 ] 72 root - INFO - Exporting train and test file path.
[ 2025-08-12 18:15:29,792 ] 81 root - INFO - Exported train and test file path.
[ 2025-08-12 18:15:29,793 ] 45 root - INFO - Data Ingestion completed and artifact: DataIngestionArtifact(trained_file_path='Artifacts\\08_12_2025_18_09_34\\data_ingestion\\ingested\\train.csv', test_file_path='Artifacts\\08_12_2025_18_09_34\\data_ingestion\\ingested\\test.csv')
[ 2025-08-12 18:15:29,802 ] 55 root - INFO - Initiate the data Validation
[ 2025-08-12 18:15:29,880 ] 32 root - INFO - Required number of columns:2
[ 2025-08-12 18:15:29,880 ] 33 root - INFO - Data frame has columns:31
[ 2025-08-12 18:15:29,880 ] 32 root - INFO - Required number of columns:2
[ 2025-08-12 18:15:29,880 ] 33 root - INFO - Data frame has columns:31
[ 2025-08-12 18:15:30,060 ] 63 root - INFO - Entered initiate_data_transformation method of DataTransformation class
[ 2025-08-12 18:15:30,060 ] 65 root - INFO - Starting data transformation
[ 2025-08-12 18:15:30,085 ] 48 root - INFO - Entered get_data_trnasformer_object method of Trnasformation class
[ 2025-08-12 18:15:30,085 ] 53 root - INFO - Initialise KNNImputer with {'missing_values': nan, 'n_neighbors': 3, 'weights': 'uniform'}
[ 2025-08-12 18:15:30,102 ] 46 root - INFO - Entered the save_object method of MainUtils class
[ 2025-08-12 18:15:30,106 ] 50 root - INFO - Exited the save_object method of MainUtils class
[ 2025-08-12 18:15:30,106 ] 46 root - INFO - Entered the save_object method of MainUtils class
[ 2025-08-12 18:15:30,109 ] 50 root - INFO - Exited the save_object method of MainUtils class
[ 2025-08-12 18:35:20,152 ] 46 root - INFO - Entered the save_object method of MainUtils class
[ 2025-08-12 18:35:20,154 ] 50 root - INFO - Exited the save_object method of MainUtils class
[ 2025-08-12 18:35:20,155 ] 46 root - INFO - Entered the save_object method of MainUtils class
[ 2025-08-12 18:35:20,367 ] 50 root - INFO - Exited the save_object method of MainUtils class
[ 2025-08-12 18:35:20,367 ] 148 root - INFO - Model trainer artifact: ModelTrainerArtifact(trained_model_file_path='Artifacts\\08_12_2025_18_09_34\\model_trainer\\trained_model\\model.pkl', train_metric_artifact=ClassificationMetricArtifact(f1_score=0.9911987860394538, precision_score=0.989297253634895, recall_score=0.9931076424082709), test_metric_artifact=ClassificationMetricArtifact(f1_score=0.9743798291988613, precision_score=0.9700404858299595, recall_score=0.9787581699346405))
